app/build/intermediates/manifest_merge_blame_file/debug/manifest-merger-blame-debug-report.txt
1<?xml version="1.0" encoding="utf-8"?>
2<manifest xmlns:android="http://schemas.android.com/apk/res/android"
3    package="com.nojom.brands"
4    android:versionCode="14"
5    android:versionName="2.3" >
6
7    <uses-sdk
8        android:minSdkVersion="23"
9        android:targetSdkVersion="34" />
10
11    <uses-permission android:name="com.google.android.gms.permission.AD_ID" />
11-->src/main/AndroidManifest.xml:6:5-79
11-->src/main/AndroidManifest.xml:6:22-76
12    <uses-permission android:name="android.permission.CALL_PHONE" />
12-->src/main/AndroidManifest.xml:8:5-69
12-->src/main/AndroidManifest.xml:8:22-66
13    <uses-permission android:name="android.permission.INTERNET" />
13-->src/main/AndroidManifest.xml:9:5-67
13-->src/main/AndroidManifest.xml:9:22-64
14    <uses-permission android:name="android.permission.ACCESS_NETWORK_STATE" />
14-->src/main/AndroidManifest.xml:10:5-79
14-->src/main/AndroidManifest.xml:10:22-76
15    <uses-permission android:name="android.permission.ACCESS_WIFI_STATE" />
15-->src/main/AndroidManifest.xml:11:5-76
15-->src/main/AndroidManifest.xml:11:22-73
16    <uses-permission android:name="android.permission.WRITE_EXTERNAL_STORAGE" />
16-->src/main/AndroidManifest.xml:12:5-14:40
16-->src/main/AndroidManifest.xml:13:9-65
17    <uses-permission android:name="android.permission.READ_EXTERNAL_STORAGE" />
17-->src/main/AndroidManifest.xml:15:5-80
17-->src/main/AndroidManifest.xml:15:22-77
18    <uses-permission android:name="android.permission.CAMERA" />
18-->src/main/AndroidManifest.xml:16:5-65
18-->src/main/AndroidManifest.xml:16:22-62
19    <uses-permission android:name="android.permission.ACCESS_COARSE_LOCATION" />
19-->src/main/AndroidManifest.xml:17:5-81
19-->src/main/AndroidManifest.xml:17:22-78
20    <uses-permission android:name="android.permission.ACCESS_FINE_LOCATION" />
20-->src/main/AndroidManifest.xml:18:5-79
20-->src/main/AndroidManifest.xml:18:22-76
21    <uses-permission
21-->src/main/AndroidManifest.xml:19:5-68
22        android:name="android.permission.WAKE_LOCK"
22-->src/main/AndroidManifest.xml:19:22-65
23        android:maxSdkVersion="25" />
23-->[com.github.chuckerteam.chucker:library:4.0.0] AndroidManifest.xml:17:9-35
24    <uses-permission android:name="android.permission.POST_NOTIFICATIONS" />
24-->src/main/AndroidManifest.xml:20:5-76
24-->src/main/AndroidManifest.xml:20:22-74
25    <uses-permission android:name="com.google.android.providers.gsf.permission.READ_GSERVICES" />
25-->src/main/AndroidManifest.xml:21:5-97
25-->src/main/AndroidManifest.xml:21:22-95
26
27    <uses-feature
27-->src/main/AndroidManifest.xml:23:5-25:35
28        android:name="android.hardware.camera"
28-->src/main/AndroidManifest.xml:24:9-47
29        android:required="true" />
29-->src/main/AndroidManifest.xml:25:9-32
30    <uses-feature
30-->src/main/AndroidManifest.xml:26:5-28:36
31        android:name="android.hardware.telephony"
31-->src/main/AndroidManifest.xml:27:9-50
32        android:required="false" />
32-->src/main/AndroidManifest.xml:28:9-33
33
34    <queries>
34-->[io.intercom.android:intercom-sdk-base:10.6.0] AndroidManifest.xml:9:5-17:15
35        <intent>
35-->[io.intercom.android:intercom-sdk-base:10.6.0] AndroidManifest.xml:10:9-16:18
36            <action android:name="android.intent.action.VIEW" />
36-->src/main/AndroidManifest.xml:77:17-69
36-->src/main/AndroidManifest.xml:77:25-66
37
38            <category android:name="android.intent.category.BROWSABLE" />
38-->src/main/AndroidManifest.xml:80:17-78
38-->src/main/AndroidManifest.xml:80:27-75
39
40            <data android:scheme="https" />
40-->src/main/AndroidManifest.xml:84:21-43
41        </intent>
42        <intent>
42-->[com.github.chuckerteam.chucker:library:4.0.0] AndroidManifest.xml:8:9-12:18
43            <action android:name="android.intent.action.CREATE_DOCUMENT" />
43-->[com.github.chuckerteam.chucker:library:4.0.0] AndroidManifest.xml:9:13-76
43-->[com.github.chuckerteam.chucker:library:4.0.0] AndroidManifest.xml:9:21-73
44
45            <data android:mimeType="*/*" />
46        </intent> <!-- Added to check if Chrome is installed for browser-based payment authentication (e.g. 3DS1). -->
47        <package android:name="com.android.chrome" /> <!-- Added to check the default browser that will host the AuthFlow. -->
47-->[com.stripe:payments-core:20.11.0] AndroidManifest.xml:13:9-54
47-->[com.stripe:payments-core:20.11.0] AndroidManifest.xml:13:18-51
48        <intent>
48-->[com.stripe:financial-connections:20.11.0] AndroidManifest.xml:15:9-19:18
49            <action android:name="android.intent.action.VIEW" />
49-->src/main/AndroidManifest.xml:77:17-69
49-->src/main/AndroidManifest.xml:77:25-66
50
51            <data android:scheme="http" />
51-->src/main/AndroidManifest.xml:84:21-43
52        </intent>
53        <intent>
53-->[com.google.firebase:firebase-inappmessaging-display:20.1.2] AndroidManifest.xml:15:9-19:18
54            <action android:name="android.intent.action.VIEW" />
54-->src/main/AndroidManifest.xml:77:17-69
54-->src/main/AndroidManifest.xml:77:25-66
55
56            <data android:scheme="https" />
56-->src/main/AndroidManifest.xml:84:21-43
57        </intent>
58
59        <package android:name="com.venmo" />
59-->[com.braintreepayments.api:braintree-core:4.27.0] AndroidManifest.xml:15:9-45
59-->[com.braintreepayments.api:braintree-core:4.27.0] AndroidManifest.xml:15:18-42
60        <package android:name="com.paypal.android.p2pmobile" />
60-->[com.braintreepayments.api:braintree-core:4.27.0] AndroidManifest.xml:16:9-64
60-->[com.braintreepayments.api:braintree-core:4.27.0] AndroidManifest.xml:16:18-61
61
62        <intent>
62-->[com.braintreepayments.api:browser-switch:2.3.2] AndroidManifest.xml:17:9-19:18
63            <action android:name="android.support.customtabs.action.CustomTabsService" />
63-->[com.braintreepayments.api:browser-switch:2.3.2] AndroidManifest.xml:18:13-90
63-->[com.braintreepayments.api:browser-switch:2.3.2] AndroidManifest.xml:18:21-87
64        </intent> <!-- Needs to be explicitly declared on Android R+ -->
65        <package android:name="com.google.android.apps.maps" />
65-->[com.google.android.gms:play-services-maps:18.0.2] AndroidManifest.xml:33:9-64
65-->[com.google.android.gms:play-services-maps:18.0.2] AndroidManifest.xml:33:18-61
66    </queries>
67
68    <uses-permission android:name="android.permission.RECEIVE_BOOT_COMPLETED" />
68-->[androidx.work:work-runtime:2.7.0-alpha05] AndroidManifest.xml:27:5-81
68-->[androidx.work:work-runtime:2.7.0-alpha05] AndroidManifest.xml:27:22-78
69    <uses-permission android:name="android.permission.FOREGROUND_SERVICE" />
69-->[androidx.work:work-runtime:2.7.0-alpha05] AndroidManifest.xml:28:5-77
69-->[androidx.work:work-runtime:2.7.0-alpha05] AndroidManifest.xml:28:22-74
70    <uses-permission android:name="com.google.android.finsky.permission.BIND_GET_INSTALL_REFERRER_SERVICE" /> <!-- Required by older versions of Google Play services to create IID tokens -->
70-->[com.google.android.gms:play-services-measurement:20.1.1] AndroidManifest.xml:26:5-110
70-->[com.google.android.gms:play-services-measurement:20.1.1] AndroidManifest.xml:26:22-107
71    <uses-permission android:name="com.google.android.c2dm.permission.RECEIVE" />
71-->[com.google.firebase:firebase-messaging:23.0.2] AndroidManifest.xml:28:5-82
71-->[com.google.firebase:firebase-messaging:23.0.2] AndroidManifest.xml:28:22-79
72
73    <uses-feature
73-->[com.google.android.gms:play-services-maps:18.0.2] AndroidManifest.xml:26:5-28:35
74        android:glEsVersion="0x00020000"
74-->[com.google.android.gms:play-services-maps:18.0.2] AndroidManifest.xml:27:9-41
75        android:required="true" />
75-->[com.google.android.gms:play-services-maps:18.0.2] AndroidManifest.xml:28:9-32
76
77    <permission
77-->[androidx.core:core:1.13.0] AndroidManifest.xml:22:5-24:47
78        android:name="com.nojom.brands.DYNAMIC_RECEIVER_NOT_EXPORTED_PERMISSION"
78-->[androidx.core:core:1.13.0] AndroidManifest.xml:23:9-81
79        android:protectionLevel="signature" />
79-->[androidx.core:core:1.13.0] AndroidManifest.xml:24:9-44
80
81    <uses-permission android:name="com.nojom.brands.DYNAMIC_RECEIVER_NOT_EXPORTED_PERMISSION" />
81-->[androidx.core:core:1.13.0] AndroidManifest.xml:26:5-97
81-->[androidx.core:core:1.13.0] AndroidManifest.xml:26:22-94
82    <uses-permission android:name="android.permission.REORDER_TASKS" />
82-->[androidx.test:core:1.4.0] AndroidManifest.xml:24:5-72
82-->[androidx.test:core:1.4.0] AndroidManifest.xml:24:22-69
83
84    <application
84-->src/main/AndroidManifest.xml:30:5-912:19
85        android:name="com.nojom.client.Task24Application"
85-->src/main/AndroidManifest.xml:31:9-58
86        android:allowBackup="true"
86-->src/main/AndroidManifest.xml:32:9-35
87        android:appComponentFactory="androidx.core.app.CoreComponentFactory"
87-->[androidx.core:core:1.13.0] AndroidManifest.xml:28:18-86
88        android:debuggable="true"
89        android:extractNativeLibs="false"
90        android:fullBackupContent="false"
90-->src/main/AndroidManifest.xml:33:9-42
91        android:hasFragileUserData="false"
91-->src/main/AndroidManifest.xml:34:9-43
92        android:icon="@mipmap/ic_launcher"
92-->src/main/AndroidManifest.xml:35:9-43
93        android:label="@string/app_name"
93-->src/main/AndroidManifest.xml:36:9-41
94        android:largeHeap="true"
94-->src/main/AndroidManifest.xml:37:9-33
95        android:networkSecurityConfig="@xml/network_security_config"
95-->src/main/AndroidManifest.xml:38:9-69
96        android:requestLegacyExternalStorage="true"
96-->src/main/AndroidManifest.xml:39:9-52
97        android:roundIcon="@mipmap/ic_launcher_round"
97-->src/main/AndroidManifest.xml:40:9-54
98        android:supportsRtl="true"
98-->src/main/AndroidManifest.xml:41:9-35
99        android:testOnly="true"
100        android:theme="@style/AppTheme.NoActionBar"
100-->src/main/AndroidManifest.xml:42:9-52
101        android:usesCleartextTraffic="false" >
101-->src/main/AndroidManifest.xml:43:9-45
102        <activity
102-->src/main/AndroidManifest.xml:45:9-51:56
103            android:name="com.nojom.client.ui.addcard.CardListActivity"
103-->src/main/AndroidManifest.xml:46:13-72
104            android:exported="false"
104-->src/main/AndroidManifest.xml:47:13-37
105            android:label="@string/title_activity_card_list"
105-->src/main/AndroidManifest.xml:48:13-61
106            android:screenOrientation="portrait"
106-->src/main/AndroidManifest.xml:49:13-49
107            android:theme="@style/AppTheme.NoActionBar.NoActionBar" />
107-->src/main/AndroidManifest.xml:50:13-68
108        <activity
108-->src/main/AndroidManifest.xml:52:9-58:56
109            android:name="com.nojom.client.ui.addcard.AddCardActivity"
109-->src/main/AndroidManifest.xml:53:13-71
110            android:exported="false"
110-->src/main/AndroidManifest.xml:54:13-37
111            android:label="@string/title_activity_addcard"
111-->src/main/AndroidManifest.xml:55:13-59
112            android:screenOrientation="portrait"
112-->src/main/AndroidManifest.xml:56:13-49
113            android:theme="@style/AppTheme.NoActionBar.NoActionBar" />
113-->src/main/AndroidManifest.xml:57:13-68
114        <activity
114-->src/main/AndroidManifest.xml:59:9-61:40
115            android:name="com.nojom.client.ui.ExpertFilterActivity"
115-->src/main/AndroidManifest.xml:60:13-68
116            android:exported="false" />
116-->src/main/AndroidManifest.xml:61:13-37
117        <activity
117-->src/main/AndroidManifest.xml:62:9-64:40
118            android:name="com.nojom.client.ui.ExpertGigFilterActivity"
118-->src/main/AndroidManifest.xml:63:13-71
119            android:exported="false" />
119-->src/main/AndroidManifest.xml:64:13-37
120        <activity
120-->src/main/AndroidManifest.xml:65:9-113:20
121            android:name="com.nojom.client.ui.SplashActivity"
121-->src/main/AndroidManifest.xml:66:13-62
122            android:configChanges="orientation"
122-->src/main/AndroidManifest.xml:67:13-48
123            android:exported="true"
123-->src/main/AndroidManifest.xml:68:13-36
124            android:screenOrientation="portrait" >
124-->src/main/AndroidManifest.xml:69:13-49
125            <intent-filter>
125-->src/main/AndroidManifest.xml:71:13-75:29
126                <action android:name="android.intent.action.MAIN" />
126-->src/main/AndroidManifest.xml:72:17-69
126-->src/main/AndroidManifest.xml:72:25-66
127
128                <category android:name="android.intent.category.LAUNCHER" />
128-->src/main/AndroidManifest.xml:74:17-77
128-->src/main/AndroidManifest.xml:74:27-74
129            </intent-filter>
130            <intent-filter>
130-->src/main/AndroidManifest.xml:76:13-88:29
131                <action android:name="android.intent.action.VIEW" />
131-->src/main/AndroidManifest.xml:77:17-69
131-->src/main/AndroidManifest.xml:77:25-66
132
133                <category android:name="android.intent.category.DEFAULT" />
133-->src/main/AndroidManifest.xml:79:17-76
133-->src/main/AndroidManifest.xml:79:27-73
134                <category android:name="android.intent.category.BROWSABLE" />
134-->src/main/AndroidManifest.xml:80:17-78
134-->src/main/AndroidManifest.xml:80:27-75
135
136                <data
137                    android:host="nojomstars.page.link"
137-->src/main/AndroidManifest.xml:83:21-56
138                    android:scheme="https" />
138-->src/main/AndroidManifest.xml:84:21-43
139                <data
140                    android:host="nojomstars.page.link"
140-->src/main/AndroidManifest.xml:83:21-56
141                    android:scheme="http" />
141-->src/main/AndroidManifest.xml:84:21-43
142            </intent-filter>
143            <!--
144            <intent-filter>
145                <data
146                    android:host="open"
147                    android:scheme="clientandroidapp" />
148
149                <action android:name="android.intent.action.VIEW" />
150
151                <category android:name="android.intent.category.DEFAULT" />
152                <category android:name="android.intent.category.BROWSABLE" />
153            </intent-filter>
154            -->
155            <!--
156            <intent-filter android:autoVerify="true">
157                <action android:name="android.intent.action.VIEW" />
158
159                <category android:name="android.intent.category.DEFAULT" />
160                <category android:name="android.intent.category.BROWSABLE" />
161
162                <data
163                    android:host="nojom.co"
164                    android:scheme="https" />
165                &lt;!&ndash;                &lt;!&ndash; example-alternate domain is required for App Links when the Journeys/Web SDK and Deepviews are used inside your website. &ndash;&gt;&ndash;&gt;
166                <data
167                    android:host="nojom.co"
168                    android:scheme="https" />
169            </intent-filter>
170            -->
171        </activity> <!-- Branch init -->
172        <meta-data
172-->src/main/AndroidManifest.xml:114:9-116:73
173            android:name="io.branch.sdk.BranchKey"
173-->src/main/AndroidManifest.xml:115:13-51
174            android:value="key_live_fh6bHRxBrJUWPhjyux1lxcjgBFnD4XES" />
174-->src/main/AndroidManifest.xml:116:13-70
175
176        <activity
176-->src/main/AndroidManifest.xml:118:9-123:56
177            android:name="com.nojom.client.ui.SelectAccountActivity"
177-->src/main/AndroidManifest.xml:119:13-69
178            android:configChanges="orientation"
178-->src/main/AndroidManifest.xml:120:13-48
179            android:exported="false"
179-->src/main/AndroidManifest.xml:121:13-37
180            android:screenOrientation="portrait" />
180-->src/main/AndroidManifest.xml:122:13-49
181
182        <provider
183            android:name="androidx.core.content.FileProvider"
183-->src/main/AndroidManifest.xml:126:13-62
184            android:authorities="com.nojom.brands.provider"
184-->src/main/AndroidManifest.xml:127:13-60
185            android:exported="false"
185-->src/main/AndroidManifest.xml:128:13-37
186            android:grantUriPermissions="true" >
186-->src/main/AndroidManifest.xml:129:13-47
187            <meta-data
187-->src/main/AndroidManifest.xml:130:13-133:52
188                android:name="android.support.FILE_PROVIDER_PATHS"
188-->src/main/AndroidManifest.xml:131:17-67
189                android:resource="@xml/provider_paths" />
189-->src/main/AndroidManifest.xml:132:17-55
190        </provider>
191
192        <meta-data
192-->src/main/AndroidManifest.xml:136:9-138:55
193            android:name="com.facebook.sdk.ApplicationId"
193-->src/main/AndroidManifest.xml:137:13-58
194            android:value="@string/facebook_app_id" />
194-->src/main/AndroidManifest.xml:138:13-52
195        <meta-data
195-->src/main/AndroidManifest.xml:139:9-141:61
196            android:name="com.facebook.sdk.ClientToken"
196-->src/main/AndroidManifest.xml:140:13-56
197            android:value="@string/facebook_client_token" />
197-->src/main/AndroidManifest.xml:141:13-58
198
199        <activity
199-->src/main/AndroidManifest.xml:143:9-147:48
200            android:name="com.facebook.FacebookActivity"
200-->src/main/AndroidManifest.xml:144:13-57
201            android:configChanges="keyboard|keyboardHidden|screenLayout|screenSize|orientation"
201-->src/main/AndroidManifest.xml:145:13-96
202            android:exported="false"
202-->src/main/AndroidManifest.xml:146:13-37
203            android:label="@string/app_name"
203-->src/main/AndroidManifest.xml:147:13-45
204            android:theme="@style/com_facebook_activity_theme" />
204-->[com.facebook.android:facebook-common:12.1.0] AndroidManifest.xml:33:13-63
205        <activity
205-->src/main/AndroidManifest.xml:148:9-161:20
206            android:name="com.facebook.CustomTabActivity"
206-->src/main/AndroidManifest.xml:149:13-58
207            android:exported="true" >
207-->src/main/AndroidManifest.xml:150:13-36
208            <intent-filter>
208-->src/main/AndroidManifest.xml:151:13-160:29
209                <action android:name="android.intent.action.VIEW" />
209-->src/main/AndroidManifest.xml:77:17-69
209-->src/main/AndroidManifest.xml:77:25-66
210
211                <category android:name="android.intent.category.DEFAULT" />
211-->src/main/AndroidManifest.xml:79:17-76
211-->src/main/AndroidManifest.xml:79:27-73
212                <category android:name="android.intent.category.BROWSABLE" />
212-->src/main/AndroidManifest.xml:80:17-78
212-->src/main/AndroidManifest.xml:80:27-75
213
214                <data android:scheme="@string/fb_login_protocol_scheme" />
214-->src/main/AndroidManifest.xml:84:21-43
215            </intent-filter>
216            <intent-filter>
216-->[com.facebook.android:facebook-common:12.1.0] AndroidManifest.xml:39:13-48:29
217                <action android:name="android.intent.action.VIEW" />
217-->src/main/AndroidManifest.xml:77:17-69
217-->src/main/AndroidManifest.xml:77:25-66
218
219                <category android:name="android.intent.category.DEFAULT" />
219-->src/main/AndroidManifest.xml:79:17-76
219-->src/main/AndroidManifest.xml:79:27-73
220                <category android:name="android.intent.category.BROWSABLE" />
220-->src/main/AndroidManifest.xml:80:17-78
220-->src/main/AndroidManifest.xml:80:27-75
221
222                <data
223                    android:host="cct.com.nojom.brands"
223-->src/main/AndroidManifest.xml:83:21-56
224                    android:scheme="fbconnect" />
224-->src/main/AndroidManifest.xml:84:21-43
225            </intent-filter>
226        </activity>
227        <activity
227-->src/main/AndroidManifest.xml:162:9-167:56
228            android:name="com.nojom.client.ui.home.FindExpertActivity"
228-->src/main/AndroidManifest.xml:163:13-71
229            android:configChanges="orientation"
229-->src/main/AndroidManifest.xml:164:13-48
230            android:exported="false"
230-->src/main/AndroidManifest.xml:165:13-37
231            android:screenOrientation="portrait" />
231-->src/main/AndroidManifest.xml:166:13-49
232        <activity
232-->src/main/AndroidManifest.xml:168:9-173:56
233            android:name="com.nojom.client.ui.auth.LoginSignUpActivity"
233-->src/main/AndroidManifest.xml:169:13-72
234            android:configChanges="orientation"
234-->src/main/AndroidManifest.xml:170:13-48
235            android:exported="false"
235-->src/main/AndroidManifest.xml:171:13-37
236            android:screenOrientation="portrait" />
236-->src/main/AndroidManifest.xml:172:13-49
237        <activity
237-->src/main/AndroidManifest.xml:174:9-179:56
238            android:name="com.nojom.client.ui.clientprofile.MyProfileActivity"
238-->src/main/AndroidManifest.xml:175:13-63
239            android:configChanges="orientation"
239-->src/main/AndroidManifest.xml:176:13-48
240            android:exported="false"
240-->src/main/AndroidManifest.xml:177:13-37
241            android:screenOrientation="portrait" />
241-->src/main/AndroidManifest.xml:178:13-49
242        <activity
242-->src/main/AndroidManifest.xml:180:9-185:56
243            android:name="com.nojom.client.ui.auth.OtpActivity"
243-->src/main/AndroidManifest.xml:181:13-48
244            android:configChanges="orientation"
244-->src/main/AndroidManifest.xml:182:13-48
245            android:exported="false"
245-->src/main/AndroidManifest.xml:183:13-37
246            android:screenOrientation="portrait" />
246-->src/main/AndroidManifest.xml:184:13-49
247        <activity
247-->src/main/AndroidManifest.xml:186:9-191:56
248            android:name="com.nojom.client.ui.clientprofile.SelectExpertiseActivity"
248-->src/main/AndroidManifest.xml:187:13-69
249            android:configChanges="orientation"
249-->src/main/AndroidManifest.xml:188:13-48
250            android:exported="false"
250-->src/main/AndroidManifest.xml:189:13-37
251            android:screenOrientation="portrait" />
251-->src/main/AndroidManifest.xml:190:13-49
252        <activity
252-->src/main/AndroidManifest.xml:192:9-197:56
253            android:name="com.nojom.client.ui.MainActivity"
253-->src/main/AndroidManifest.xml:193:13-60
254            android:configChanges="orientation"
254-->src/main/AndroidManifest.xml:194:13-48
255            android:exported="false"
255-->src/main/AndroidManifest.xml:195:13-37
256            android:screenOrientation="portrait" /> <!-- <activity -->
256-->src/main/AndroidManifest.xml:196:13-49
257        <!-- android:name=".ui.home.WorkHomeActivity" -->
258        <!-- android:configChanges="orientation" -->
259        <!-- android:exported="false" -->
260        <!-- android:screenOrientation="portrait" -->
261        <!-- tools:ignore="LockedOrientationActivity" /> -->
262        <activity
262-->src/main/AndroidManifest.xml:203:9-208:56
263            android:name="com.nojom.client.ui.home.LawyerHomeActivity"
263-->src/main/AndroidManifest.xml:204:13-71
264            android:configChanges="orientation"
264-->src/main/AndroidManifest.xml:205:13-48
265            android:exported="false"
265-->src/main/AndroidManifest.xml:206:13-37
266            android:screenOrientation="portrait" />
266-->src/main/AndroidManifest.xml:207:13-49
267        <activity
267-->src/main/AndroidManifest.xml:209:9-214:56
268            android:name="com.nojom.client.ui.home.ServiceActivity"
268-->src/main/AndroidManifest.xml:210:13-68
269            android:configChanges="orientation"
269-->src/main/AndroidManifest.xml:211:13-48
270            android:exported="false"
270-->src/main/AndroidManifest.xml:212:13-37
271            android:screenOrientation="portrait" />
271-->src/main/AndroidManifest.xml:213:13-49
272        <activity
272-->src/main/AndroidManifest.xml:215:9-220:56
273            android:name="com.nojom.client.ui.home.AddMoreStarActivity"
273-->src/main/AndroidManifest.xml:216:13-72
274            android:configChanges="orientation"
274-->src/main/AndroidManifest.xml:217:13-48
275            android:exported="false"
275-->src/main/AndroidManifest.xml:218:13-37
276            android:screenOrientation="portrait" />
276-->src/main/AndroidManifest.xml:219:13-49
277        <activity
277-->src/main/AndroidManifest.xml:221:9-226:56
278            android:name="com.nojom.client.ui.chat.ChatActivity"
278-->src/main/AndroidManifest.xml:222:13-65
279            android:configChanges="orientation"
279-->src/main/AndroidManifest.xml:223:13-48
280            android:exported="false"
280-->src/main/AndroidManifest.xml:224:13-37
281            android:screenOrientation="portrait" />
281-->src/main/AndroidManifest.xml:225:13-49
282        <activity
282-->src/main/AndroidManifest.xml:227:9-232:56
283            android:name="com.nojom.client.ui.chat.ChatMessagesActivity"
283-->src/main/AndroidManifest.xml:228:13-73
284            android:configChanges="orientation"
284-->src/main/AndroidManifest.xml:229:13-48
285            android:exported="false"
285-->src/main/AndroidManifest.xml:230:13-37
286            android:screenOrientation="portrait" />
286-->src/main/AndroidManifest.xml:231:13-49
287        <activity
287-->src/main/AndroidManifest.xml:233:9-238:56
288            android:name="com.nojom.client.ui.balance.BalanceActivity"
288-->src/main/AndroidManifest.xml:234:13-71
289            android:configChanges="orientation"
289-->src/main/AndroidManifest.xml:235:13-48
290            android:exported="false"
290-->src/main/AndroidManifest.xml:236:13-37
291            android:screenOrientation="portrait" />
291-->src/main/AndroidManifest.xml:237:13-49
292        <activity
292-->src/main/AndroidManifest.xml:239:9-244:56
293            android:name="com.nojom.client.ui.balance.WalletActivity"
293-->src/main/AndroidManifest.xml:240:13-70
294            android:configChanges="orientation"
294-->src/main/AndroidManifest.xml:241:13-48
295            android:exported="false"
295-->src/main/AndroidManifest.xml:242:13-37
296            android:screenOrientation="portrait" />
296-->src/main/AndroidManifest.xml:243:13-49
297        <activity
297-->src/main/AndroidManifest.xml:245:9-250:56
298            android:name="com.nojom.client.ui.balance.AddBalanceActivity"
298-->src/main/AndroidManifest.xml:246:13-74
299            android:configChanges="orientation"
299-->src/main/AndroidManifest.xml:247:13-48
300            android:exported="false"
300-->src/main/AndroidManifest.xml:248:13-37
301            android:screenOrientation="portrait" />
301-->src/main/AndroidManifest.xml:249:13-49
302        <activity
302-->src/main/AndroidManifest.xml:251:9-256:56
303            android:name="com.nojom.client.ui.balance.EditPaypalActivity"
303-->src/main/AndroidManifest.xml:252:13-74
304            android:configChanges="orientation"
304-->src/main/AndroidManifest.xml:253:13-48
305            android:exported="false"
305-->src/main/AndroidManifest.xml:254:13-37
306            android:screenOrientation="portrait" />
306-->src/main/AndroidManifest.xml:255:13-49
307        <activity
307-->src/main/AndroidManifest.xml:257:9-262:56
308            android:name="com.nojom.client.ui.balance.WithdrawMoneyActivity"
308-->src/main/AndroidManifest.xml:258:13-77
309            android:configChanges="orientation"
309-->src/main/AndroidManifest.xml:259:13-48
310            android:exported="false"
310-->src/main/AndroidManifest.xml:260:13-37
311            android:screenOrientation="portrait" />
311-->src/main/AndroidManifest.xml:261:13-49
312        <activity
312-->src/main/AndroidManifest.xml:263:9-268:56
313            android:name="com.nojom.client.ui.balance.DepositActivity"
313-->src/main/AndroidManifest.xml:264:13-71
314            android:configChanges="orientation"
314-->src/main/AndroidManifest.xml:265:13-48
315            android:exported="false"
315-->src/main/AndroidManifest.xml:266:13-37
316            android:screenOrientation="portrait" />
316-->src/main/AndroidManifest.xml:267:13-49
317        <activity
317-->src/main/AndroidManifest.xml:269:9-274:56
318            android:name="com.nojom.client.ui.balance.ChooseAccountActivity"
318-->src/main/AndroidManifest.xml:270:13-77
319            android:configChanges="orientation"
319-->src/main/AndroidManifest.xml:271:13-48
320            android:exported="false"
320-->src/main/AndroidManifest.xml:272:13-37
321            android:screenOrientation="portrait" />
321-->src/main/AndroidManifest.xml:273:13-49
322        <activity
322-->src/main/AndroidManifest.xml:275:9-280:56
323            android:name="com.nojom.client.ui.balance.ChoosePaymentMethodActivity"
323-->src/main/AndroidManifest.xml:276:13-83
324            android:configChanges="orientation"
324-->src/main/AndroidManifest.xml:277:13-48
325            android:exported="false"
325-->src/main/AndroidManifest.xml:278:13-37
326            android:screenOrientation="portrait" />
326-->src/main/AndroidManifest.xml:279:13-49
327        <activity
327-->src/main/AndroidManifest.xml:281:9-286:56
328            android:name="com.nojom.client.ui.settings.AddSurveyActivity"
328-->src/main/AndroidManifest.xml:282:13-74
329            android:configChanges="orientation"
329-->src/main/AndroidManifest.xml:283:13-48
330            android:exported="false"
330-->src/main/AndroidManifest.xml:284:13-37
331            android:screenOrientation="portrait" />
331-->src/main/AndroidManifest.xml:285:13-49
332        <activity
332-->src/main/AndroidManifest.xml:287:9-292:56
333            android:name="com.nojom.client.ui.settings.ReSubmitSurveyActivity"
333-->src/main/AndroidManifest.xml:288:13-79
334            android:configChanges="orientation"
334-->src/main/AndroidManifest.xml:289:13-48
335            android:exported="false"
335-->src/main/AndroidManifest.xml:290:13-37
336            android:screenOrientation="portrait" />
336-->src/main/AndroidManifest.xml:291:13-49
337        <activity
337-->src/main/AndroidManifest.xml:293:9-298:56
338            android:name="com.nojom.client.ui.projects.MyProjectsActivity"